test_upper_case_names (__main__.TestExercice) ... FAIL

======================================================================
FAIL: test_upper_case_names (__main__.TestExercice)
----------------------------------------------------------------------
Traceback (most recent call last):
  File "test_exercice.py", line 21, in test_upper_case_names
    'Toutes les lettres doivent être en majuscule.'
AssertionError: Lists differ: ['Nord', 'Alcool', 'Nerveux', 'Examen', 'Sab[56 chars]bet'] != ['NORD', 'ALCOOL', 'NERVEUX', 'EXAMEN', 'SAB[56 chars]BET']

First differing element 0:
'Nord'
'NORD'

- ['Nord',
-  'Alcool',
-  'Nerveux',
-  'Examen',
-  'Sabot',
-  'Unité',
-  'Divertir',
-  'Association',
-  'Pluie',
-  'Alphabet']
+ ['NORD',
+  'ALCOOL',
+  'NERVEUX',
+  'EXAMEN',
+  'SABOT',
+  'UNITÉ',
+  'DIVERTIR',
+  'ASSOCIATION',
+  'PLUIE',
+  'ALPHABET'] : Toutes les lettres doivent être en majuscule.

----------------------------------------------------------------------
Ran 1 test in 0.001s

FAILED (failures=1)
